<?xml version="1.0" encoding="UTF-8"?>
<!-- Generated by org.testng.reporters.JUnitReportReporter -->
<testsuite hostname="LAPTOP-MN77NFLP" failures="0" tests="5" name="org.Testng.Sample" time="0.012" errors="0" timestamp="28 Mar 2024 04:16:21 GMT" skipped="0">
  <testcase classname="org.Testng.Sample" name="Rajasekar" time="0.008"/>
  <testcase classname="org.Testng.Sample" name="Dharmesh" time="0.001"/>
  <testcase classname="org.Testng.Sample" name="Ajith" time="0.001"/>
  <testcase classname="org.Testng.Sample" name="Naveen" time="0.001"/>
  <testcase classname="org.Testng.Sample" name="Hari" time="0.001"/>
</testsuite> <!-- org.Testng.Sample -->
