<?xml version="1.0" encoding="UTF-8"?>
<!-- Generated by org.testng.reporters.JUnitReportReporter -->
<testsuite hostname="LAPTOP-MN77NFLP" failures="0" tests="2" name="org.SuiteLevelExecution.Task" time="1.398" errors="0" timestamp="29 Mar 2024 06:04:24 GMT" skipped="0">
  <testcase classname="org.SuiteLevelExecution.Task" name="login" time="0.621"/>
  <testcase classname="org.SuiteLevelExecution.Task" name="login" time="0.777"/>
</testsuite> <!-- org.SuiteLevelExecution.Task -->
