<?xml version="1.0" encoding="UTF-8"?>
<!-- Generated by org.testng.reporters.JUnitReportReporter -->
<testsuite hostname="LAPTOP-MN77NFLP" failures="0" tests="1" name="org.AssertTestng.Sample" time="9.811" errors="0" timestamp="29 Mar 2024 12:35:48 GMT" skipped="0">
  <testcase classname="org.AssertTestng.Sample" name="Tc1" time="9.811"/>
</testsuite> <!-- org.AssertTestng.Sample -->
