<?xml version="1.0" encoding="UTF-8"?>
<!-- Generated by org.testng.reporters.JUnitReportReporter -->
<testsuite hostname="LAPTOP-MN77NFLP" failures="0" tests="2" name="org.SuiteLevelExecution.Task2" time="0.001" errors="0" timestamp="29 Mar 2024 06:04:24 GMT" skipped="0">
  <testcase classname="org.SuiteLevelExecution.Task2" name="tc1" time="0.001"/>
  <testcase classname="org.SuiteLevelExecution.Task2" name="tc1" time="0.000"/>
</testsuite> <!-- org.SuiteLevelExecution.Task2 -->
