<?xml version="1.0" encoding="UTF-8"?>
<!-- Generated by org.testng.reporters.JUnitReportReporter -->
<testsuite hostname="LAPTOP-MN77NFLP" failures="0" tests="5" name="org.ExecutemethodTestng.Sample" time="0.013" errors="0" timestamp="29 Mar 2024 12:12:28 GMT" skipped="0">
  <testcase classname="org.ExecutemethodTestng.Sample" name="tc1" time="0.009"/>
  <testcase classname="org.ExecutemethodTestng.Sample" name="tc5" time="0.001"/>
  <testcase classname="org.ExecutemethodTestng.Sample" name="tc4" time="0.001"/>
  <testcase classname="org.ExecutemethodTestng.Sample" name="tc3" time="0.001"/>
  <testcase classname="org.ExecutemethodTestng.Sample" name="tc2" time="0.001"/>
</testsuite> <!-- org.ExecutemethodTestng.Sample -->
